<?xml version="1.0" encoding="UTF-8"?>
<testsuite xmlns:xsi="http://www.w3.org/2001/XMLSchema-instance" xsi:noNamespaceSchemaLocation="https://maven.apache.org/surefire/maven-surefire-plugin/xsd/surefire-test-report.xsd" name="com.digiwack.Maven2WsApplicationTests" time="4.536" tests="1" errors="0" skipped="0" failures="0">
  <properties>
    <property name="sun.desktop" value="windows"/>
    <property name="awt.toolkit" value="sun.awt.windows.WToolkit"/>
    <property name="file.encoding.pkg" value="sun.io"/>
    <property name="java.specification.version" value="1.8"/>
    <property name="sun.cpu.isalist" value="amd64"/>
    <property name="sun.jnu.encoding" value="Cp1252"/>
    <property name="java.class.path" value="I:\workspaceJ2EE\Maven2WS\target\test-classes;I:\workspaceJ2EE\Maven2WS\target\classes;J:\MAVEN\org\springframework\boot\spring-boot-starter-web\2.2.5.RELEASE\spring-boot-starter-web-2.2.5.RELEASE.jar;J:\MAVEN\org\springframework\boot\spring-boot-starter\2.2.5.RELEASE\spring-boot-starter-2.2.5.RELEASE.jar;J:\MAVEN\org\springframework\boot\spring-boot\2.2.5.RELEASE\spring-boot-2.2.5.RELEASE.jar;J:\MAVEN\org\springframework\boot\spring-boot-autoconfigure\2.2.5.RELEASE\spring-boot-autoconfigure-2.2.5.RELEASE.jar;J:\MAVEN\org\springframework\boot\spring-boot-starter-logging\2.2.5.RELEASE\spring-boot-starter-logging-2.2.5.RELEASE.jar;J:\MAVEN\ch\qos\logback\logback-classic\1.2.3\logback-classic-1.2.3.jar;J:\MAVEN\ch\qos\logback\logback-core\1.2.3\logback-core-1.2.3.jar;J:\MAVEN\org\apache\logging\log4j\log4j-to-slf4j\2.12.1\log4j-to-slf4j-2.12.1.jar;J:\MAVEN\org\apache\logging\log4j\log4j-api\2.12.1\log4j-api-2.12.1.jar;J:\MAVEN\org\slf4j\jul-to-slf4j\1.7.30\jul-to-slf4j-1.7.30.jar;J:\MAVEN\org\yaml\snakeyaml\1.25\snakeyaml-1.25.jar;J:\MAVEN\org\springframework\boot\spring-boot-starter-json\2.2.5.RELEASE\spring-boot-starter-json-2.2.5.RELEASE.jar;J:\MAVEN\com\fasterxml\jackson\core\jackson-databind\2.10.2\jackson-databind-2.10.2.jar;J:\MAVEN\com\fasterxml\jackson\core\jackson-annotations\2.10.2\jackson-annotations-2.10.2.jar;J:\MAVEN\com\fasterxml\jackson\core\jackson-core\2.10.2\jackson-core-2.10.2.jar;J:\MAVEN\com\fasterxml\jackson\datatype\jackson-datatype-jdk8\2.10.2\jackson-datatype-jdk8-2.10.2.jar;J:\MAVEN\com\fasterxml\jackson\datatype\jackson-datatype-jsr310\2.10.2\jackson-datatype-jsr310-2.10.2.jar;J:\MAVEN\com\fasterxml\jackson\module\jackson-module-parameter-names\2.10.2\jackson-module-parameter-names-2.10.2.jar;J:\MAVEN\org\springframework\boot\spring-boot-starter-validation\2.2.5.RELEASE\spring-boot-starter-validation-2.2.5.RELEASE.jar;J:\MAVEN\jakarta\validation\jakarta.validation-api\2.0.2\jakarta.validation-api-2.0.2.jar;J:\MAVEN\org\hibernate\validator\hibernate-validator\6.0.18.Final\hibernate-validator-6.0.18.Final.jar;J:\MAVEN\org\jboss\logging\jboss-logging\3.4.1.Final\jboss-logging-3.4.1.Final.jar;J:\MAVEN\com\fasterxml\classmate\1.5.1\classmate-1.5.1.jar;J:\MAVEN\org\springframework\spring-web\5.2.4.RELEASE\spring-web-5.2.4.RELEASE.jar;J:\MAVEN\org\springframework\spring-beans\5.2.4.RELEASE\spring-beans-5.2.4.RELEASE.jar;J:\MAVEN\org\springframework\spring-webmvc\5.2.4.RELEASE\spring-webmvc-5.2.4.RELEASE.jar;J:\MAVEN\org\springframework\spring-aop\5.2.4.RELEASE\spring-aop-5.2.4.RELEASE.jar;J:\MAVEN\org\springframework\spring-context\5.2.4.RELEASE\spring-context-5.2.4.RELEASE.jar;J:\MAVEN\org\springframework\spring-expression\5.2.4.RELEASE\spring-expression-5.2.4.RELEASE.jar;J:\MAVEN\org\springframework\boot\spring-boot-starter-web-services\2.2.5.RELEASE\spring-boot-starter-web-services-2.2.5.RELEASE.jar;J:\MAVEN\com\sun\xml\messaging\saaj\saaj-impl\1.5.1\saaj-impl-1.5.1.jar;J:\MAVEN\jakarta\activation\jakarta.activation-api\1.2.2\jakarta.activation-api-1.2.2.jar;J:\MAVEN\jakarta\xml\soap\jakarta.xml.soap-api\1.4.1\jakarta.xml.soap-api-1.4.1.jar;J:\MAVEN\org\jvnet\mimepull\mimepull\1.9.12\mimepull-1.9.12.jar;J:\MAVEN\org\jvnet\staxex\stax-ex\1.8.1\stax-ex-1.8.1.jar;J:\MAVEN\jakarta\xml\ws\jakarta.xml.ws-api\2.3.2\jakarta.xml.ws-api-2.3.2.jar;J:\MAVEN\jakarta\jws\jakarta.jws-api\1.1.1\jakarta.jws-api-1.1.1.jar;J:\MAVEN\org\springframework\spring-oxm\5.2.4.RELEASE\spring-oxm-5.2.4.RELEASE.jar;J:\MAVEN\org\springframework\ws\spring-ws-core\3.0.8.RELEASE\spring-ws-core-3.0.8.RELEASE.jar;J:\MAVEN\org\springframework\ws\spring-xml\3.0.8.RELEASE\spring-xml-3.0.8.RELEASE.jar;J:\MAVEN\org\springframework\boot\spring-boot-starter-tomcat\2.2.5.RELEASE\spring-boot-starter-tomcat-2.2.5.RELEASE.jar;J:\MAVEN\jakarta\annotation\jakarta.annotation-api\1.3.5\jakarta.annotation-api-1.3.5.jar;J:\MAVEN\org\apache\tomcat\embed\tomcat-embed-core\9.0.31\tomcat-embed-core-9.0.31.jar;J:\MAVEN\org\apache\tomcat\embed\tomcat-embed-el\9.0.31\tomcat-embed-el-9.0.31.jar;J:\MAVEN\org\apache\tomcat\embed\tomcat-embed-websocket\9.0.31\tomcat-embed-websocket-9.0.31.jar;J:\MAVEN\org\springframework\boot\spring-boot-starter-test\2.2.5.RELEASE\spring-boot-starter-test-2.2.5.RELEASE.jar;J:\MAVEN\org\springframework\boot\spring-boot-test\2.2.5.RELEASE\spring-boot-test-2.2.5.RELEASE.jar;J:\MAVEN\org\springframework\boot\spring-boot-test-autoconfigure\2.2.5.RELEASE\spring-boot-test-autoconfigure-2.2.5.RELEASE.jar;J:\MAVEN\com\jayway\jsonpath\json-path\2.4.0\json-path-2.4.0.jar;J:\MAVEN\net\minidev\json-smart\2.3\json-smart-2.3.jar;J:\MAVEN\net\minidev\accessors-smart\1.2\accessors-smart-1.2.jar;J:\MAVEN\org\ow2\asm\asm\5.0.4\asm-5.0.4.jar;J:\MAVEN\org\slf4j\slf4j-api\1.7.30\slf4j-api-1.7.30.jar;J:\MAVEN\jakarta\xml\bind\jakarta.xml.bind-api\2.3.2\jakarta.xml.bind-api-2.3.2.jar;J:\MAVEN\org\junit\jupiter\junit-jupiter\5.5.2\junit-jupiter-5.5.2.jar;J:\MAVEN\org\junit\jupiter\junit-jupiter-api\5.5.2\junit-jupiter-api-5.5.2.jar;J:\MAVEN\org\apiguardian\apiguardian-api\1.1.0\apiguardian-api-1.1.0.jar;J:\MAVEN\org\opentest4j\opentest4j\1.2.0\opentest4j-1.2.0.jar;J:\MAVEN\org\junit\platform\junit-platform-commons\1.5.2\junit-platform-commons-1.5.2.jar;J:\MAVEN\org\junit\jupiter\junit-jupiter-params\5.5.2\junit-jupiter-params-5.5.2.jar;J:\MAVEN\org\junit\jupiter\junit-jupiter-engine\5.5.2\junit-jupiter-engine-5.5.2.jar;J:\MAVEN\org\junit\platform\junit-platform-engine\1.5.2\junit-platform-engine-1.5.2.jar;J:\MAVEN\org\mockito\mockito-junit-jupiter\3.1.0\mockito-junit-jupiter-3.1.0.jar;J:\MAVEN\org\assertj\assertj-core\3.13.2\assertj-core-3.13.2.jar;J:\MAVEN\org\hamcrest\hamcrest\2.1\hamcrest-2.1.jar;J:\MAVEN\org\mockito\mockito-core\3.1.0\mockito-core-3.1.0.jar;J:\MAVEN\net\bytebuddy\byte-buddy\1.10.8\byte-buddy-1.10.8.jar;J:\MAVEN\net\bytebuddy\byte-buddy-agent\1.10.8\byte-buddy-agent-1.10.8.jar;J:\MAVEN\org\objenesis\objenesis\2.6\objenesis-2.6.jar;J:\MAVEN\org\skyscreamer\jsonassert\1.5.0\jsonassert-1.5.0.jar;J:\MAVEN\com\vaadin\external\google\android-json\0.0.20131108.vaadin1\android-json-0.0.20131108.vaadin1.jar;J:\MAVEN\org\springframework\spring-core\5.2.4.RELEASE\spring-core-5.2.4.RELEASE.jar;J:\MAVEN\org\springframework\spring-jcl\5.2.4.RELEASE\spring-jcl-5.2.4.RELEASE.jar;J:\MAVEN\org\springframework\spring-test\5.2.4.RELEASE\spring-test-5.2.4.RELEASE.jar;J:\MAVEN\org\xmlunit\xmlunit-core\2.6.3\xmlunit-core-2.6.3.jar;J:\MAVEN\wsdl4j\wsdl4j\1.6.3\wsdl4j-1.6.3.jar;"/>
    <property name="java.vm.vendor" value="Oracle Corporation"/>
    <property name="sun.arch.data.model" value="64"/>
    <property name="user.variant" value=""/>
    <property name="java.vendor.url" value="http://java.oracle.com/"/>
    <property name="user.timezone" value="America/Chicago"/>
    <property name="java.vm.specification.version" value="1.8"/>
    <property name="os.name" value="Windows 8.1"/>
    <property name="user.country" value="US"/>
    <property name="sun.java.launcher" value="SUN_STANDARD"/>
    <property name="sun.boot.library.path" value="C:\programfiles\Java\jdk1.8.0_51\jre\bin"/>
    <property name="sun.java.command" value="C:\Users\gianni\AppData\Local\Temp\surefire7473384706858997884\surefirebooter2673047577525551986.jar C:\Users\gianni\AppData\Local\Temp\surefire7473384706858997884 2020-02-29T21-16-31_084-jvmRun1 surefire3573991736763261043tmp surefire_02982384262493540819tmp"/>
    <property name="surefire.test.class.path" value="I:\workspaceJ2EE\Maven2WS\target\test-classes;I:\workspaceJ2EE\Maven2WS\target\classes;J:\MAVEN\org\springframework\boot\spring-boot-starter-web\2.2.5.RELEASE\spring-boot-starter-web-2.2.5.RELEASE.jar;J:\MAVEN\org\springframework\boot\spring-boot-starter\2.2.5.RELEASE\spring-boot-starter-2.2.5.RELEASE.jar;J:\MAVEN\org\springframework\boot\spring-boot\2.2.5.RELEASE\spring-boot-2.2.5.RELEASE.jar;J:\MAVEN\org\springframework\boot\spring-boot-autoconfigure\2.2.5.RELEASE\spring-boot-autoconfigure-2.2.5.RELEASE.jar;J:\MAVEN\org\springframework\boot\spring-boot-starter-logging\2.2.5.RELEASE\spring-boot-starter-logging-2.2.5.RELEASE.jar;J:\MAVEN\ch\qos\logback\logback-classic\1.2.3\logback-classic-1.2.3.jar;J:\MAVEN\ch\qos\logback\logback-core\1.2.3\logback-core-1.2.3.jar;J:\MAVEN\org\apache\logging\log4j\log4j-to-slf4j\2.12.1\log4j-to-slf4j-2.12.1.jar;J:\MAVEN\org\apache\logging\log4j\log4j-api\2.12.1\log4j-api-2.12.1.jar;J:\MAVEN\org\slf4j\jul-to-slf4j\1.7.30\jul-to-slf4j-1.7.30.jar;J:\MAVEN\org\yaml\snakeyaml\1.25\snakeyaml-1.25.jar;J:\MAVEN\org\springframework\boot\spring-boot-starter-json\2.2.5.RELEASE\spring-boot-starter-json-2.2.5.RELEASE.jar;J:\MAVEN\com\fasterxml\jackson\core\jackson-databind\2.10.2\jackson-databind-2.10.2.jar;J:\MAVEN\com\fasterxml\jackson\core\jackson-annotations\2.10.2\jackson-annotations-2.10.2.jar;J:\MAVEN\com\fasterxml\jackson\core\jackson-core\2.10.2\jackson-core-2.10.2.jar;J:\MAVEN\com\fasterxml\jackson\datatype\jackson-datatype-jdk8\2.10.2\jackson-datatype-jdk8-2.10.2.jar;J:\MAVEN\com\fasterxml\jackson\datatype\jackson-datatype-jsr310\2.10.2\jackson-datatype-jsr310-2.10.2.jar;J:\MAVEN\com\fasterxml\jackson\module\jackson-module-parameter-names\2.10.2\jackson-module-parameter-names-2.10.2.jar;J:\MAVEN\org\springframework\boot\spring-boot-starter-validation\2.2.5.RELEASE\spring-boot-starter-validation-2.2.5.RELEASE.jar;J:\MAVEN\jakarta\validation\jakarta.validation-api\2.0.2\jakarta.validation-api-2.0.2.jar;J:\MAVEN\org\hibernate\validator\hibernate-validator\6.0.18.Final\hibernate-validator-6.0.18.Final.jar;J:\MAVEN\org\jboss\logging\jboss-logging\3.4.1.Final\jboss-logging-3.4.1.Final.jar;J:\MAVEN\com\fasterxml\classmate\1.5.1\classmate-1.5.1.jar;J:\MAVEN\org\springframework\spring-web\5.2.4.RELEASE\spring-web-5.2.4.RELEASE.jar;J:\MAVEN\org\springframework\spring-beans\5.2.4.RELEASE\spring-beans-5.2.4.RELEASE.jar;J:\MAVEN\org\springframework\spring-webmvc\5.2.4.RELEASE\spring-webmvc-5.2.4.RELEASE.jar;J:\MAVEN\org\springframework\spring-aop\5.2.4.RELEASE\spring-aop-5.2.4.RELEASE.jar;J:\MAVEN\org\springframework\spring-context\5.2.4.RELEASE\spring-context-5.2.4.RELEASE.jar;J:\MAVEN\org\springframework\spring-expression\5.2.4.RELEASE\spring-expression-5.2.4.RELEASE.jar;J:\MAVEN\org\springframework\boot\spring-boot-starter-web-services\2.2.5.RELEASE\spring-boot-starter-web-services-2.2.5.RELEASE.jar;J:\MAVEN\com\sun\xml\messaging\saaj\saaj-impl\1.5.1\saaj-impl-1.5.1.jar;J:\MAVEN\jakarta\activation\jakarta.activation-api\1.2.2\jakarta.activation-api-1.2.2.jar;J:\MAVEN\jakarta\xml\soap\jakarta.xml.soap-api\1.4.1\jakarta.xml.soap-api-1.4.1.jar;J:\MAVEN\org\jvnet\mimepull\mimepull\1.9.12\mimepull-1.9.12.jar;J:\MAVEN\org\jvnet\staxex\stax-ex\1.8.1\stax-ex-1.8.1.jar;J:\MAVEN\jakarta\xml\ws\jakarta.xml.ws-api\2.3.2\jakarta.xml.ws-api-2.3.2.jar;J:\MAVEN\jakarta\jws\jakarta.jws-api\1.1.1\jakarta.jws-api-1.1.1.jar;J:\MAVEN\org\springframework\spring-oxm\5.2.4.RELEASE\spring-oxm-5.2.4.RELEASE.jar;J:\MAVEN\org\springframework\ws\spring-ws-core\3.0.8.RELEASE\spring-ws-core-3.0.8.RELEASE.jar;J:\MAVEN\org\springframework\ws\spring-xml\3.0.8.RELEASE\spring-xml-3.0.8.RELEASE.jar;J:\MAVEN\org\springframework\boot\spring-boot-starter-tomcat\2.2.5.RELEASE\spring-boot-starter-tomcat-2.2.5.RELEASE.jar;J:\MAVEN\jakarta\annotation\jakarta.annotation-api\1.3.5\jakarta.annotation-api-1.3.5.jar;J:\MAVEN\org\apache\tomcat\embed\tomcat-embed-core\9.0.31\tomcat-embed-core-9.0.31.jar;J:\MAVEN\org\apache\tomcat\embed\tomcat-embed-el\9.0.31\tomcat-embed-el-9.0.31.jar;J:\MAVEN\org\apache\tomcat\embed\tomcat-embed-websocket\9.0.31\tomcat-embed-websocket-9.0.31.jar;J:\MAVEN\org\springframework\boot\spring-boot-starter-test\2.2.5.RELEASE\spring-boot-starter-test-2.2.5.RELEASE.jar;J:\MAVEN\org\springframework\boot\spring-boot-test\2.2.5.RELEASE\spring-boot-test-2.2.5.RELEASE.jar;J:\MAVEN\org\springframework\boot\spring-boot-test-autoconfigure\2.2.5.RELEASE\spring-boot-test-autoconfigure-2.2.5.RELEASE.jar;J:\MAVEN\com\jayway\jsonpath\json-path\2.4.0\json-path-2.4.0.jar;J:\MAVEN\net\minidev\json-smart\2.3\json-smart-2.3.jar;J:\MAVEN\net\minidev\accessors-smart\1.2\accessors-smart-1.2.jar;J:\MAVEN\org\ow2\asm\asm\5.0.4\asm-5.0.4.jar;J:\MAVEN\org\slf4j\slf4j-api\1.7.30\slf4j-api-1.7.30.jar;J:\MAVEN\jakarta\xml\bind\jakarta.xml.bind-api\2.3.2\jakarta.xml.bind-api-2.3.2.jar;J:\MAVEN\org\junit\jupiter\junit-jupiter\5.5.2\junit-jupiter-5.5.2.jar;J:\MAVEN\org\junit\jupiter\junit-jupiter-api\5.5.2\junit-jupiter-api-5.5.2.jar;J:\MAVEN\org\apiguardian\apiguardian-api\1.1.0\apiguardian-api-1.1.0.jar;J:\MAVEN\org\opentest4j\opentest4j\1.2.0\opentest4j-1.2.0.jar;J:\MAVEN\org\junit\platform\junit-platform-commons\1.5.2\junit-platform-commons-1.5.2.jar;J:\MAVEN\org\junit\jupiter\junit-jupiter-params\5.5.2\junit-jupiter-params-5.5.2.jar;J:\MAVEN\org\junit\jupiter\junit-jupiter-engine\5.5.2\junit-jupiter-engine-5.5.2.jar;J:\MAVEN\org\junit\platform\junit-platform-engine\1.5.2\junit-platform-engine-1.5.2.jar;J:\MAVEN\org\mockito\mockito-junit-jupiter\3.1.0\mockito-junit-jupiter-3.1.0.jar;J:\MAVEN\org\assertj\assertj-core\3.13.2\assertj-core-3.13.2.jar;J:\MAVEN\org\hamcrest\hamcrest\2.1\hamcrest-2.1.jar;J:\MAVEN\org\mockito\mockito-core\3.1.0\mockito-core-3.1.0.jar;J:\MAVEN\net\bytebuddy\byte-buddy\1.10.8\byte-buddy-1.10.8.jar;J:\MAVEN\net\bytebuddy\byte-buddy-agent\1.10.8\byte-buddy-agent-1.10.8.jar;J:\MAVEN\org\objenesis\objenesis\2.6\objenesis-2.6.jar;J:\MAVEN\org\skyscreamer\jsonassert\1.5.0\jsonassert-1.5.0.jar;J:\MAVEN\com\vaadin\external\google\android-json\0.0.20131108.vaadin1\android-json-0.0.20131108.vaadin1.jar;J:\MAVEN\org\springframework\spring-core\5.2.4.RELEASE\spring-core-5.2.4.RELEASE.jar;J:\MAVEN\org\springframework\spring-jcl\5.2.4.RELEASE\spring-jcl-5.2.4.RELEASE.jar;J:\MAVEN\org\springframework\spring-test\5.2.4.RELEASE\spring-test-5.2.4.RELEASE.jar;J:\MAVEN\org\xmlunit\xmlunit-core\2.6.3\xmlunit-core-2.6.3.jar;J:\MAVEN\wsdl4j\wsdl4j\1.6.3\wsdl4j-1.6.3.jar;"/>
    <property name="sun.cpu.endian" value="little"/>
    <property name="user.home" value="C:\Users\gianni"/>
    <property name="user.language" value="en"/>
    <property name="java.specification.vendor" value="Oracle Corporation"/>
    <property name="java.home" value="C:\programfiles\Java\jdk1.8.0_51\jre"/>
    <property name="basedir" value="I:\workspaceJ2EE\Maven2WS"/>
    <property name="file.separator" value="\"/>
    <property name="line.separator" value="&#10;"/>
    <property name="java.vm.specification.vendor" value="Oracle Corporation"/>
    <property name="java.specification.name" value="Java Platform API Specification"/>
    <property name="java.awt.graphicsenv" value="sun.awt.Win32GraphicsEnvironment"/>
    <property name="surefire.real.class.path" value="C:\Users\gianni\AppData\Local\Temp\surefire7473384706858997884\surefirebooter2673047577525551986.jar"/>
    <property name="sun.boot.class.path" value="C:\programfiles\Java\jdk1.8.0_51\jre\lib\resources.jar;C:\programfiles\Java\jdk1.8.0_51\jre\lib\rt.jar;C:\programfiles\Java\jdk1.8.0_51\jre\lib\sunrsasign.jar;C:\programfiles\Java\jdk1.8.0_51\jre\lib\jsse.jar;C:\programfiles\Java\jdk1.8.0_51\jre\lib\jce.jar;C:\programfiles\Java\jdk1.8.0_51\jre\lib\charsets.jar;C:\programfiles\Java\jdk1.8.0_51\jre\lib\jfr.jar;C:\programfiles\Java\jdk1.8.0_51\jre\classes"/>
    <property name="user.script" value=""/>
    <property name="sun.management.compiler" value="HotSpot 64-Bit Tiered Compilers"/>
    <property name="java.runtime.version" value="1.8.0_51-b16"/>
    <property name="user.name" value="gianni"/>
    <property name="path.separator" value=";"/>
    <property name="os.version" value="6.3"/>
    <property name="java.endorsed.dirs" value="C:\programfiles\Java\jdk1.8.0_51\jre\lib\endorsed"/>
    <property name="java.runtime.name" value="Java(TM) SE Runtime Environment"/>
    <property name="file.encoding" value="Cp1252"/>
    <property name="java.vm.name" value="Java HotSpot(TM) 64-Bit Server VM"/>
    <property name="localRepository" value="J:\MAVEN"/>
    <property name="java.vendor.url.bug" value="http://bugreport.sun.com/bugreport/"/>
    <property name="java.io.tmpdir" value="C:\Users\gianni\AppData\Local\Temp\"/>
    <property name="java.version" value="1.8.0_51"/>
    <property name="user.dir" value="I:\workspaceJ2EE\Maven2WS"/>
    <property name="os.arch" value="amd64"/>
    <property name="java.vm.specification.name" value="Java Virtual Machine Specification"/>
    <property name="java.awt.printerjob" value="sun.awt.windows.WPrinterJob"/>
    <property name="sun.os.patch.level" value=""/>
    <property name="java.library.path" value="C:\programfiles\Java\jdk1.8.0_51\jre\bin;C:\WINDOWS\Sun\Java\bin;C:\WINDOWS\system32;C:\WINDOWS;I:\OpenJDK\jdk-8_0_212_04-openj9\bin;C:\Program Files\Microsoft MPI\Bin\;C:\ProgramData\Oracle\Java\javapath;C:\WINDOWS\system32;C:\WINDOWS;C:\WINDOWS\System32\Wbem;C:\WINDOWS\System32\WindowsPowerShell\v1.0\;C:\programfiles\ATItech\ATI.ACE\Core-Static;C:\programfiles\ASUSTek\Bluetooth Software\;C:\programfiles\ASUSTek\Bluetooth Software\syswow64;C:\programfiles\Java\jdk1.8.0_51\bin;C:\programfiles\Android\android-sdk\platform-tools;C:\cygwin64\bin;C:\programfiles\AMD\ATI.ACE\Core-Static;C:\Program Files\dotnet\;C:\Program Files\Microsoft SQL Server\130\Tools\Binn\;C:\WINDOWS\System32\OpenSSH\;I:\bin\NodeJS\;C:\Users\gianni\AppData\Local\Microsoft\WindowsApps;C:\Users\gianni\AppData\Local\GitHubDesktop\bin;C:\Users\gianni\AppData\Roaming\npm;%USERPROFILE%\AppData\Local\Microsoft\WindowsApps;;."/>
    <property name="java.vm.info" value="mixed mode"/>
    <property name="java.vendor" value="Oracle Corporation"/>
    <property name="java.vm.version" value="25.51-b03"/>
    <property name="java.ext.dirs" value="C:\programfiles\Java\jdk1.8.0_51\jre\lib\ext;C:\WINDOWS\Sun\Java\lib\ext"/>
    <property name="sun.io.unicode.encoding" value="UnicodeLittle"/>
    <property name="java.class.version" value="52.0"/>
  </properties>
  <testcase name="contextLoads" classname="com.digiwack.Maven2WsApplicationTests" time="0.23"/>
</testsuite>